
============================================
          C1: Memory Bandwidth
============================================

Sum 0 = 183495067.8164
Sum 1 = 183503855.3691
Sum 2 = 183506158.6675
Sum 3 = 183497904.9450
Sum 4 = 183502062.1381
Sum 5 = 183506629.3143
Sum 6 = 183508026.8650
Sum 7 = 183501525.8116
Sum 8 = 183496389.5868
Sum 9 = 183500462.2262
Sum 10 = 183503729.2467
Sum 11 = 183502846.9788
Sum 12 = 183500179.1726
Sum 13 = 183502441.7065
Sum 14 = 183499771.9330
Sum 15 = 183500671.6785

Data transferred: 2800 MB
Min time elapsed: 0.5230 s
Max bandwidth reached: 5.23 GB/s

============================================
                C4: C Code
============================================

Checksum S = 11901764160.000206
Execution time = 3.769837 s

============================================
         C5: C Code with MKL Library
============================================

Checksum S = 11901764160.000206
Execution time = 0.123293 s


============================================
              C2: Python Code
============================================

Checksum S = 11901764160.000206
Execution time = 144.660640 s

============================================
              C3: NumPy Code
============================================

Checksum S = 11901764160.000221
Execution time = 0.089247 s
